<?xml version="1.0" encoding="UTF-8" standalone="no"?>
<testsuite errors="0" failures="0" name="io.cucumber.core.plugin.JUnitFormatter" skipped="0" tests="4" time="38.473">
<testcase classname="To open the browser" name="Check the browser is open successfully" time="2.172">
<system-out><![CDATA[Given the browser name......................................................passed
When user sets the browser properties.......................................passed
And user maximize the browser...............................................passed
Then browser is open........................................................passed
]]></system-out>
</testcase>
<testcase classname="To test Taxdoo Price Page functionality" name="Check if the price step of Taxdoo is working" time="8.113">
<system-out><![CDATA[Given open the Taxdoo page..................................................passed
And user clicks the Price option............................................passed
And user choose package.....................................................passed
When user hits the Next button..............................................passed
Then Proceed to next step...................................................passed
]]></system-out>
</testcase>
<testcase classname="To test Profile functionality" name="Check if the system allow to enter the profile" time="6.89">
<system-out><![CDATA[Given user is on the profile page...........................................passed
And user enters the Abdul Waheed Test.......................................passed
And user selects the company type...........................................passed
And user selects the salutation.............................................passed
And user entered Abdul......................................................passed
And provided Waheed.........................................................passed
And user clicks on the EnterAddressManually button..........................passed
And enter your Valentinskamp................................................passed
And provide the 70..........................................................passed
And added the Hamburg.......................................................passed
And input your 20355........................................................passed
And user gives the Hamburg..................................................passed
And country Germany.........................................................passed
And your DE123456789........................................................passed
And user email address a@b.com..............................................passed
And user tells the +4919886737249...........................................passed
When user clicks the next button............................................passed
Then user is navigated to the summary page..................................passed
]]></system-out>
</testcase>
<testcase classname="To test Taxdoo Summary Page functionality" name="Check if the summary step of Taxdoo is working" time="21.154">
<system-out><![CDATA[Given user is on the summary page...........................................passed
And user selects How did you come across Taxdoo.............................passed
And user accepts Term and Conditions........................................passed
When user hits the Complet Booking button...................................passed
Then successfully completed booking.........................................passed
]]></system-out>
</testcase>
</testsuite>
